=== NeuralVSR Training ===
  train=2000 val=200 bs=16 epochs=20
  arch: hidden=128 layers=3 heads=4
  device=cuda
Precomputing 2000 synthetic samples...
  500/2000
  1000/2000
  1500/2000
  done
Precomputing 200 synthetic samples...
  done
  params: 103,426
epoch   1/20  train_loss=0.001865  val_loss=0.001430  time=2.1s [best]
epoch   2/20  train_loss=0.001321  val_loss=0.001286  time=1.7s [best]
epoch   3/20  train_loss=0.001191  val_loss=0.001223  time=1.6s [best]
epoch   4/20  train_loss=0.001129  val_loss=0.001141  time=1.6s [best]
epoch   5/20  train_loss=0.001080  val_loss=0.001100  time=1.6s [best]
epoch   6/20  train_loss=0.001053  val_loss=0.001078  time=1.7s [best]
epoch   7/20  train_loss=0.001041  val_loss=0.001067  time=1.4s [best]
epoch   8/20  train_loss=0.001029  val_loss=0.001070  time=1.4s
epoch   9/20  train_loss=0.001022  val_loss=0.001061  time=1.9s [best]
epoch  10/20  train_loss=0.001015  val_loss=0.001054  time=2.0s [best]
epoch  11/20  train_loss=0.001015  val_loss=0.001054  time=1.7s
epoch  12/20  train_loss=0.001006  val_loss=0.001048  time=1.5s [best]
epoch  13/20  train_loss=0.001002  val_loss=0.001047  time=1.3s [best]
epoch  14/20  train_loss=0.001000  val_loss=0.001047  time=1.6s
epoch  15/20  train_loss=0.000998  val_loss=0.001047  time=1.7s [best]
epoch  16/20  train_loss=0.000996  val_loss=0.001043  time=1.9s [best]
epoch  17/20  train_loss=0.000992  val_loss=0.001044  time=2.3s
epoch  18/20  train_loss=0.000991  val_loss=0.001042  time=2.4s [best]
epoch  19/20  train_loss=0.000989  val_loss=0.001042  time=2.3s [best]
epoch  20/20  train_loss=0.000987  val_loss=0.001042  time=2.3s [best]

Best val loss: 0.001042  saved to checkpoints/neural_vsr/v2_teacher.pt
