\BOOKMARK [1][-]{section.1}{\376\377\000I\000n\000t\000r\000o\000d\000u\000c\000t\000i\000o\000n}{}% 1
\BOOKMARK [1][-]{section.2}{\376\377\000R\000e\000l\000a\000t\000e\000d\000\040\000W\000o\000r\000k}{}% 2
\BOOKMARK [1][-]{section.3}{\376\377\000M\000e\000t\000h\000o\000d}{}% 3
\BOOKMARK [2][-]{subsection.3.1}{\376\377\000V\000e\000r\000i\000f\000i\000e\000r}{section.3}% 4
\BOOKMARK [2][-]{subsection.3.2}{\376\377\000S\000e\000l\000e\000c\000t\000o\000r}{section.3}% 5
\BOOKMARK [2][-]{subsection.3.3}{\376\377\000P\000o\000s\000t\000-\000p\000r\000o\000c\000e\000s\000s\000i\000n\000g\000\040\000r\000e\000p\000a\000i\000r\000\040\000o\000p\000e\000r\000a\000t\000o\000r}{section.3}% 6
\BOOKMARK [2][-]{subsection.3.4}{\376\377\000I\000n\000t\000r\000a\000-\000s\000a\000m\000p\000l\000i\000n\000g\000\040\000r\000e\000p\000a\000i\000r\000\040\000o\000p\000e\000r\000a\000t\000o\000r}{section.3}% 7
\BOOKMARK [1][-]{section.4}{\376\377\000E\000x\000p\000e\000r\000i\000m\000e\000n\000t\000s}{}% 8
\BOOKMARK [2][-]{subsection.4.1}{\376\377\000S\000e\000t\000u\000p}{section.4}% 9
\BOOKMARK [2][-]{subsection.4.2}{\376\377\000M\000a\000i\000n\000\040\000r\000e\000s\000u\000l\000t\000:\000\040\000V\000S\000R\000-\000p\000o\000s\000t\000\040\000P\000a\000r\000e\000t\000o\000-\000i\000m\000p\000r\000o\000v\000e\000s\000\040\000a\000\040\000m\000a\000j\000o\000r\000i\000t\000y\000\040\000o\000f\000\040\000t\000r\000i\000a\000l\000s}{section.4}% 10
\BOOKMARK [2][-]{subsection.4.3}{\376\377\000S\000t\000r\000i\000c\000t\000\040\000P\000a\000r\000e\000t\000o\000\040\000f\000r\000o\000n\000t\000i\000e\000r}{section.4}% 11
\BOOKMARK [2][-]{subsection.4.4}{\376\377\000S\000t\000a\000t\000i\000s\000t\000i\000c\000a\000l\000\040\000s\000i\000g\000n\000i\000f\000i\000c\000a\000n\000c\000e}{section.4}% 12
\BOOKMARK [2][-]{subsection.4.5}{\376\377\000P\000a\000r\000e\000t\000o\000\040\000c\000o\000n\000t\000r\000o\000l\000:\000\040\000t\000h\000e\000\040\000\040\000k\000n\000o\000b}{section.4}% 13
\BOOKMARK [2][-]{subsection.4.6}{\376\377\000D\000o\000w\000n\000s\000t\000r\000e\000a\000m\000\040\000p\000i\000p\000e\000l\000i\000n\000e\000\040\000t\000e\000s\000t}{section.4}% 14
\BOOKMARK [2][-]{subsection.4.7}{\376\377\000S\000t\000e\000p\000\040\000b\000u\000d\000g\000e\000t\000\040\000a\000n\000d\000\040\000c\000o\000m\000p\000u\000t\000e\000\040\000e\000f\000f\000i\000c\000i\000e\000n\000c\000y}{section.4}% 15
\BOOKMARK [2][-]{subsection.4.8}{\376\377\000F\000a\000i\000l\000u\000r\000e\000-\000m\000o\000d\000e\000\040\000a\000n\000a\000l\000y\000s\000i\000s}{section.4}% 16
\BOOKMARK [2][-]{subsection.4.9}{\376\377\000C\000o\000m\000p\000o\000n\000e\000n\000t\000\040\000a\000b\000l\000a\000t\000i\000o\000n\000:\000\040\000w\000h\000i\000c\000h\000\040\000s\000i\000g\000n\000a\000l\000s\000\040\000m\000a\000t\000t\000e\000r\000?}{section.4}% 17
\BOOKMARK [2][-]{subsection.4.10}{\376\377\000I\000n\000t\000r\000a\000-\000s\000a\000m\000p\000l\000i\000n\000g\000:\000\040\000w\000h\000e\000n\000\040\000t\000h\000e\000\040\000b\000a\000c\000k\000b\000o\000n\000e\000'\000s\000\040\000w\000i\000r\000e\000l\000e\000n\000g\000t\000h\000\040\000p\000r\000i\000o\000r\000\040\000h\000e\000l\000p\000s}{section.4}% 18
\BOOKMARK [2][-]{subsection.4.11}{\376\377\000M\000e\000m\000o\000r\000y\000\040\000p\000r\000o\000f\000i\000l\000e\000\040\000a\000n\000d\000\040\000l\000i\000m\000i\000t\000a\000t\000i\000o\000n\000s}{section.4}% 19
\BOOKMARK [1][-]{appendix.A}{\376\377\000S\000e\000e\000d\000-\000l\000e\000v\000e\000l\000\040\000W\000i\000l\000c\000o\000x\000o\000n\000\040\000\050\000p\000a\000i\000r\000e\000d\000\040\000b\000o\000o\000t\000s\000t\000r\000a\000p\000\051}{}% 20
\BOOKMARK [1][-]{appendix.B}{\376\377\000F\000o\000r\000c\000e\000\040\000u\000p\000d\000a\000t\000e\000:\000\040\000p\000r\000e\000c\000i\000s\000e\000\040\000s\000p\000e\000c\000i\000f\000i\000c\000a\000t\000i\000o\000n}{}% 21
\BOOKMARK [1][-]{appendix.C}{\376\377\000I\000m\000p\000l\000e\000m\000e\000n\000t\000a\000t\000i\000o\000n\000\040\000d\000e\000t\000a\000i\000l\000s\000\040\000o\000f\000\040\000t\000h\000e\000\040\000v\000e\000r\000i\000f\000i\000e\000r}{}% 22
\BOOKMARK [1][-]{appendix.D}{\376\377\000L\000a\000m\000b\000d\000a\000\040\000s\000w\000e\000e\000p\000:\000\040\000p\000e\000r\000-\000c\000i\000r\000c\000u\000i\000t\000\040\000d\000e\000t\000a\000i\000l}{}% 23
\BOOKMARK [1][-]{appendix.E}{\376\377\000C\000o\000m\000p\000o\000n\000e\000n\000t\000\040\000a\000b\000l\000a\000t\000i\000o\000n\000:\000\040\000f\000u\000l\000l\000\040\000t\000a\000b\000l\000e\000\040\000a\000n\000d\000\040\000n\000o\000t\000e\000s}{}% 24
\BOOKMARK [1][-]{appendix.F}{\376\377\000F\000a\000i\000l\000u\000r\000e\000-\000m\000o\000d\000e\000\040\000a\000n\000a\000l\000y\000s\000i\000s\000:\000\040\000f\000u\000l\000l\000\040\000l\000i\000s\000t}{}% 25
\BOOKMARK [1][-]{appendix.G}{\376\377\000T\000o\000y\000\040\000c\000r\000o\000s\000s\000-\000d\000o\000m\000a\000i\000n\000\040\000e\000x\000p\000e\000r\000i\000m\000e\000n\000t}{}% 26
\BOOKMARK [1][-]{appendix.H}{\376\377\000N\000e\000u\000r\000a\000l\000\040\000r\000e\000p\000a\000i\000r\000\040\000o\000p\000e\000r\000a\000t\000o\000r\000:\000\040\000f\000u\000l\000l\000\040\000t\000r\000a\000i\000n\000i\000n\000g\000\040\000d\000e\000t\000a\000i\000l\000s}{}% 27
\BOOKMARK [1][-]{appendix.I}{\376\377\000C\000o\000n\000v\000e\000r\000g\000e\000n\000c\000e\000\040\000c\000u\000r\000v\000e\000s\000\040\000a\000n\000d\000\040\000s\000t\000e\000p\000-\000s\000i\000z\000e\000\040\000a\000b\000l\000a\000t\000i\000o\000n}{}% 28
\BOOKMARK [1][-]{appendix.J}{\376\377\000M\000e\000m\000o\000r\000y\000\040\000p\000r\000o\000f\000i\000l\000e\000:\000\040\000s\000o\000u\000r\000c\000e\000\040\000c\000i\000t\000a\000t\000i\000o\000n\000\040\000f\000o\000r\000\040\000t\000h\000e\000\040\000O\000O\000M\000\040\000a\000r\000t\000e\000f\000a\000c\000t}{}% 29
\BOOKMARK [1][-]{appendix.K}{\376\377\000F\000u\000l\000l\000-\000d\000e\000s\000i\000g\000n\000\040\000H\000P\000W\000L\000\040\000w\000i\000t\000h\000\040\000c\000e\000l\000l\000s\000\040\000f\000i\000x\000e\000d\000\040\000a\000t\000\040\000.\000p\000l}{}% 30
\BOOKMARK [1][-]{appendix.L}{\376\377\000R\000o\000u\000n\000d\000-\0002\000\040\000G\000P\000U\000\040\000e\000x\000p\000e\000r\000i\000m\000e\000n\000t\000s\000:\000\040\000p\000i\000p\000e\000l\000i\000n\000e\000\040\000+\000\040\000=\0008\000\040\000+\000\040\000e\000x\000t\000e\000n\000d\000e\000d\000\040\000b\000a\000s\000e\000l\000i\000n\000e\000s}{}% 31
\BOOKMARK [1][-]{appendix.M}{\376\377\000S\000e\000n\000s\000i\000t\000i\000v\000i\000t\000y\000\040\000c\000h\000e\000c\000k\000:\000\040\000c\000d\000-\000s\000t\000d\000\040\000a\000s\000\040\000s\000e\000c\000o\000n\000d\000-\000s\000t\000a\000g\000e\000\040\000l\000e\000g\000a\000l\000i\000z\000e\000r\000\040\000\050\000Q\0007\000\051}{}% 32
\BOOKMARK [1][-]{appendix.N}{\376\377\000I\000n\000d\000e\000p\000e\000n\000d\000e\000n\000t\000\040\000c\000l\000a\000s\000s\000i\000c\000a\000l\000\040\000f\000o\000r\000c\000e\000-\000d\000i\000r\000e\000c\000t\000e\000d\000\040\000l\000e\000g\000a\000l\000i\000z\000e\000r\000\040\000\050\0002\0004\000\040\000t\000r\000i\000a\000l\000s\000\051}{}% 33
\BOOKMARK [1][-]{appendix.O}{\376\377\000L\000O\000C\000O\000\040\000c\000r\000o\000s\000s\000-\000v\000a\000l\000i\000d\000a\000t\000i\000o\000n\000\040\000f\000o\000r\000\040}{}% 34
\BOOKMARK [1][-]{appendix.P}{\376\377\000I\000n\000t\000r\000a\000-\000s\000a\000m\000p\000l\000i\000n\000g\000\040\000t\000i\000m\000e\000s\000t\000e\000p\000\040\000f\000i\000g\000u\000r\000e}{}% 35
\BOOKMARK [1][-]{appendix.Q}{\376\377\000R\000e\000p\000r\000o\000d\000u\000c\000i\000b\000i\000l\000i\000t\000y\000\040\000a\000n\000d\000\040\000r\000e\000l\000e\000a\000s\000e\000d\000\040\000a\000r\000t\000i\000f\000a\000c\000t\000s}{}% 36
